<?xml version="1.0" encoding="UTF-8"?>
<!-- Generated by org.testng.reporters.JUnitReportReporter -->
<testsuite skipped="0" hostname="LAPTOP-7426K34G" name="meliahotels.meliahotels.TestLogin" tests="4" failures="0" timestamp="17 jun 2018 11:14:11 GMT" time="125.264" errors="0">
  <testcase name="test_Login" time="27.138" classname="meliahotels.meliahotels.TestLogin"/>
  <testcase name="test_Login" time="32.830" classname="meliahotels.meliahotels.TestLogin"/>
  <testcase name="test_Login" time="36.654" classname="meliahotels.meliahotels.TestLogin"/>
  <testcase name="test_Login" time="28.642" classname="meliahotels.meliahotels.TestLogin"/>
</testsuite> <!-- meliahotels.meliahotels.TestLogin -->
